# Logfile created on 2016-07-19 21:25:20 -0700 by logger.rb/54362
I, [2016-07-19T21:25:31.894716 #18908]  INFO -- : get https://api.github.com/repos/technoweenie/faraday
D, [2016-07-19T21:25:31.895078 #18908] DEBUG -- request: User-Agent: "MyLib v1.2"
I, [2016-07-19T21:25:32.272017 #18908]  INFO -- Status: 200
D, [2016-07-19T21:25:32.272434 #18908] DEBUG -- response: server: "GitHub.com"
date: "Wed, 20 Jul 2016 04:25:32 GMT"
content-type: "application/json; charset=utf-8"
transfer-encoding: "chunked"
connection: "close"
status: "200 OK"
x-ratelimit-limit: "60"
x-ratelimit-remaining: "59"
x-ratelimit-reset: "1468992332"
cache-control: "public, max-age=60, s-maxage=60"
vary: "Accept, Accept-Encoding"
etag: "W/\"8c2acdf5249611ef301a7c32ab8e6bbf\""
last-modified: "Tue, 19 Jan 2016 00:38:57 GMT"
x-github-media-type: "github.v3"
access-control-expose-headers: "ETag, Link, X-GitHub-OTP, X-RateLimit-Limit, X-RateLimit-Remaining, X-RateLimit-Reset, X-OAuth-Scopes, X-Accepted-OAuth-Scopes, X-Poll-Interval"
access-control-allow-origin: "*"
content-security-policy: "default-src 'none'"
strict-transport-security: "max-age=31536000; includeSubdomains; preload"
x-content-type-options: "nosniff"
x-frame-options: "deny"
x-xss-protection: "1; mode=block"
x-served-by: "e183f7c661b1bbc2c987b3c4dc7b04e0"
x-github-request-id: "04234753:6D7C:1046180:578EFD3C"
I, [2016-07-19T21:27:38.761656 #18908]  INFO -- : get https://touringplans.com/magic-kingdom/dining.json
D, [2016-07-19T21:27:38.796774 #18908] DEBUG -- request: User-Agent: "MyLib v1.2"
I, [2016-07-19T21:27:39.505597 #18908]  INFO -- Status: 200
D, [2016-07-19T21:27:39.505814 #18908] DEBUG -- response: cache-control: "max-age=0, private, must-revalidate"
content-type: "application/json; charset=utf-8"
date: "Wed, 20 Jul 2016 04:27:39 GMT"
server: "nginx/1.6.2 + Phusion Passenger 4.0.59"
set-cookie: "_metatable_session=aEFmOGxHZ3QyNVlRalRTR0p2L2dhZS8rQTZhNGh4VEhrYW85SEdJSll0K3JTZ2xKMUVtNytOeC9TczAwd2lHejVDWXcrYVpyb0ZpcDVkSXNEc3JTSFJ6Q2pnYWEvb1dhOUExUkJzaWxNcnQ3ei9XYWZQNXZ6UWx2ajltVUN6Q3g2UGpsc1JNZEJocWdZWTRXYmcwSVpsR3VzcDlrSEpKZmk3ZURqQ2xJR21vPS0tOHd3aWJ3enBaOTNWY2w1SG1MV29uZz09--878fb10a9896169fd13765161650ff31a5e6cca6; path=/; HttpOnly"
status: "200 OK"
x-content-type-options: "nosniff"
x-frame-options: "SAMEORIGIN"
x-powered-by: "Phusion Passenger 4.0.59"
x-request-id: "b84b0d69-7688-4a38-afa4-38eb43ec2e0f"
x-runtime: "0.258568"
x-xss-protection: "1; mode=block"
transfer-encoding: "chunked"
connection: "Close"
I, [2016-07-19T21:36:48.839636 #18908]  INFO -- : get https://touringplans.com/magic-kingdom/dining.json
D, [2016-07-19T21:36:48.872524 #18908] DEBUG -- request: User-Agent: "MyLib v1.2"
I, [2016-07-19T21:36:49.797862 #18908]  INFO -- Status: 200
D, [2016-07-19T21:36:49.798137 #18908] DEBUG -- response: cache-control: "max-age=0, private, must-revalidate"
content-type: "application/json; charset=utf-8"
date: "Wed, 20 Jul 2016 04:36:49 GMT"
server: "nginx/1.6.2 + Phusion Passenger 4.0.59"
set-cookie: "_metatable_session=NXRidmtQVDZ0REIvKzVZLzQ3MzB3clB4TFJid2d6N1p1dHRJY0FVTE1hem5nNi90dmZBckErcFZxRnYyTGRVZVc0Wjc0ZEZ0WmczVWF6SDMyZGJvQ25MOEJnQm13aHJyTCszMjJBZGVKOS9HZVNyWGZkZGRYUTloWko1eXh2ZHAwU3BGelVmUGhLZnc4THU5RWo0TU5oQkJZeUE1MnBtNFVObnV5UERtTUFRPS0tN2lPeHNiVUV5SEc1VFdvMUhCbk9tQT09--aa8e8b67bda79ba28b916d859aeac99d56957cb7; path=/; HttpOnly"
status: "200 OK"
x-content-type-options: "nosniff"
x-frame-options: "SAMEORIGIN"
x-powered-by: "Phusion Passenger 4.0.59"
x-request-id: "e4b71233-dd17-4248-a28e-dac732eb4a3e"
x-runtime: "0.161235"
x-xss-protection: "1; mode=block"
transfer-encoding: "chunked"
connection: "Close"
